<?xml version="1.0" encoding="UTF-8"?>
<!-- Generated by org.testng.reporters.JUnitXMLReporter -->
<testsuite ignored="0" hostname="XCALWS0337LT" failures="1" tests="2" name="Test" time="172.5" errors="0" timestamp="2023-10-08T23:38:17 IST">
  <testcase classname="crmtestLayer.HomePageLayer" name="mouseHoverOnTab" time="120.115">
    <failure type="org.openqa.selenium.NoSuchFrameException" message="No frame element found by name or id mainpane
Build info: version: &amp;apos;4.8.3&amp;apos;, revision: &amp;apos;e5e76298c3&amp;apos;
System info: os.name: &amp;apos;Windows 10&amp;apos;, os.arch: &amp;apos;amd64&amp;apos;, os.version: &amp;apos;10.0&amp;apos;, java.version: &amp;apos;17.0.4.1&amp;apos;
Driver info: driver.version: unknown">
      <![CDATA[org.openqa.selenium.NoSuchFrameException: No frame element found by name or id mainpane
Build info: version: '4.8.3', revision: 'e5e76298c3'
System info: os.name: 'Windows 10', os.arch: 'amd64', os.version: '10.0', java.version: '17.0.4.1'
Driver info: driver.version: unknown
at org.openqa.selenium.remote.RemoteWebDriver$RemoteTargetLocator.frame(RemoteWebDriver.java:1014)
at CRMpracticeUtility.Utils.frameHandler(Utils.java:50)
at crmtestLayer.HomePageLayer.mouseHoverOnTab(HomePageLayer.java:58)
at java.base/java.util.ArrayList.forEach(ArrayList.java:1511)
... Removed 27 stack frames]]>
    </failure>
  </testcase> <!-- mouseHoverOnTab -->
  <testcase classname="crmtestLayer.HomePageLayer" name="verifyOptionsPresent" time="0.634"/>
</testsuite> <!-- Test -->
